<?xml version="1.0" encoding="UTF-8"?>
<!-- Generated by org.testng.reporters.JUnitReportReporter -->
<testsuite hostname="LIN-5CG1048W1B" failures="0" tests="4" name="IxigoStepdefinations.IxigoExcelUnit" time="32.919" errors="0" timestamp="2024-04-01T16:11:57 IST" skipped="0">
  <testcase classname="IxigoStepdefinations.IxigoExcelUnit" name="details" time="8.304"/>
  <testcase classname="IxigoStepdefinations.IxigoExcelUnit" name="details" time="9.048"/>
  <testcase classname="IxigoStepdefinations.IxigoExcelUnit" name="details" time="7.492"/>
  <testcase classname="IxigoStepdefinations.IxigoExcelUnit" name="details" time="8.075"/>
</testsuite> <!-- IxigoStepdefinations.IxigoExcelUnit -->
