<?xml version="1.0" encoding="UTF-8"?>
<!-- Generated by org.testng.reporters.JUnitReportReporter -->
<testsuite hostname="LIN-5CG1048W1B" failures="0" tests="4" name="Runner.runner" time="77.125" errors="0" timestamp="2024-04-02T11:47:48 IST" skipped="0">
  <testcase classname="Runner.runner" name="runScenario" time="28.550"/>
  <testcase classname="Runner.runner" name="runScenario" time="12.078"/>
  <testcase classname="Runner.runner" name="runScenario" time="13.724"/>
  <testcase classname="Runner.runner" name="runScenario" time="22.773"/>
</testsuite> <!-- Runner.runner -->
